2025-08-01T09:20:09.888597Z  INFO CiRCLE_sat_bot_server: 日志初始化成功
2025-08-01T09:20:09.896490Z DEBUG CiRCLE_sat_bot_server: Received message: Heartbeat
2025-08-01T09:20:14.901774Z DEBUG CiRCLE_sat_bot_server: Received message: Heartbeat
2025-08-01T09:20:19.840793Z DEBUG CiRCLE_sat_bot_server: Received message: Chat { from: "CiRCLE_sat_bot_core", to: "CiRCLE_sat_bot_server", content: MsgContent { command: Some("q"), payload: Some(BinMessageEvent { self_id: 3906406150, user_id: 3386134415, time: 1754040020, message_id: 972903752, message_seq: 72114, message_type: "group", sender: Sender { user_id: 3386134415, nickname: "Metasequoia", card: "Metasequoia [BG5FNA][星压抑][白金燐子应援团]", role: "member", title: "" }, raw_message: "/q", font: 14, sub_type: "normal", message: [Text { text: "/q" }], message_format: "array", post_type: "message", group_id: 965954401 }), message: None, api_response: None } }
2025-08-01T09:20:19.908122Z DEBUG CiRCLE_sat_bot_server: Received message: Heartbeat
2025-08-01T09:20:24.902522Z DEBUG CiRCLE_sat_bot_server: Received message: Heartbeat
2025-08-01T09:20:29.908953Z DEBUG CiRCLE_sat_bot_server: Received message: Heartbeat
2025-08-01T09:20:34.899443Z DEBUG CiRCLE_sat_bot_server: Received message: Heartbeat
2025-08-01T09:20:39.900443Z DEBUG CiRCLE_sat_bot_server: Received message: Heartbeat
2025-08-01T09:20:44.908534Z DEBUG CiRCLE_sat_bot_server: Received message: Heartbeat
2025-08-01T09:20:49.895871Z DEBUG CiRCLE_sat_bot_server: Received message: Heartbeat
2025-08-01T09:20:54.906250Z DEBUG CiRCLE_sat_bot_server: Received message: Heartbeat
2025-08-01T09:20:59.897957Z DEBUG CiRCLE_sat_bot_server: Received message: Heartbeat
2025-08-01T09:21:04.904370Z DEBUG CiRCLE_sat_bot_server: Received message: Heartbeat
2025-08-01T09:21:09.900388Z DEBUG CiRCLE_sat_bot_server: Received message: Heartbeat
2025-08-01T09:21:14.894942Z DEBUG CiRCLE_sat_bot_server: Received message: Heartbeat
2025-08-01T09:21:19.903033Z DEBUG CiRCLE_sat_bot_server: Received message: Heartbeat
2025-08-01T09:21:24.901541Z DEBUG CiRCLE_sat_bot_server: Received message: Heartbeat
2025-08-01T09:21:29.895766Z DEBUG CiRCLE_sat_bot_server: Received message: Heartbeat
2025-08-01T09:21:34.903960Z DEBUG CiRCLE_sat_bot_server: Received message: Heartbeat
2025-08-01T09:21:39.906831Z DEBUG CiRCLE_sat_bot_server: Received message: Heartbeat
2025-08-01T09:21:44.908952Z DEBUG CiRCLE_sat_bot_server: Received message: Heartbeat
2025-08-01T09:21:49.907074Z DEBUG CiRCLE_sat_bot_server: Received message: Heartbeat
2025-08-01T09:21:54.905603Z DEBUG CiRCLE_sat_bot_server: Received message: Heartbeat
2025-08-01T09:38:06.836030Z  INFO CiRCLE_sat_bot_server: 日志初始化成功
2025-08-01T09:38:06.855116Z DEBUG CiRCLE_sat_bot_server: Received message: Heartbeat
2025-08-01T09:38:09.178224Z DEBUG CiRCLE_sat_bot_server: Received message: Chat { from: "CiRCLE_sat_bot_core", to: "CiRCLE_sat_bot_server", content: MsgContent { command: Some("q"), payload: Some(BinMessageEvent { self_id: 3906406150, user_id: 3386134415, time: 1754041089, message_id: 180214408, message_seq: 72158, message_type: "group", sender: Sender { user_id: 3386134415, nickname: "Metasequoia", card: "Metasequoia [BG5FNA][星压抑][白金燐子应援团]", role: "member", title: "" }, raw_message: "/q ao-123", font: 14, sub_type: "normal", message: [Text { text: "/q ao-123" }], message_format: "array", post_type: "message", group_id: 965954401 }), message: None, api_response: None } }
2025-08-01T09:38:11.845729Z DEBUG CiRCLE_sat_bot_server: Received message: Heartbeat
2025-08-01T09:38:16.849427Z DEBUG CiRCLE_sat_bot_server: Received message: Heartbeat
2025-08-01T09:38:21.854725Z DEBUG CiRCLE_sat_bot_server: Received message: Heartbeat
2025-08-01T09:38:26.844803Z DEBUG CiRCLE_sat_bot_server: Received message: Heartbeat
2025-08-01T09:38:31.853347Z DEBUG CiRCLE_sat_bot_server: Received message: Heartbeat
2025-08-01T09:38:36.849417Z DEBUG CiRCLE_sat_bot_server: Received message: Heartbeat
2025-08-01T09:38:41.855840Z DEBUG CiRCLE_sat_bot_server: Received message: Heartbeat
2025-08-01T09:38:46.854065Z DEBUG CiRCLE_sat_bot_server: Received message: Heartbeat
2025-08-01T09:38:51.847491Z DEBUG CiRCLE_sat_bot_server: Received message: Heartbeat
2025-08-01T09:38:56.845766Z DEBUG CiRCLE_sat_bot_server: Received message: Heartbeat
2025-08-01T09:39:01.854567Z DEBUG CiRCLE_sat_bot_server: Received message: Heartbeat
2025-08-01T09:39:06.853347Z DEBUG CiRCLE_sat_bot_server: Received message: Heartbeat
2025-08-01T09:39:11.853379Z DEBUG CiRCLE_sat_bot_server: Received message: Heartbeat
2025-08-01T09:39:16.850347Z DEBUG CiRCLE_sat_bot_server: Received message: Heartbeat
2025-08-01T09:39:21.841296Z DEBUG CiRCLE_sat_bot_server: Received message: Heartbeat
2025-08-01T09:39:26.854064Z DEBUG CiRCLE_sat_bot_server: Received message: Heartbeat
2025-08-01T09:39:31.841438Z DEBUG CiRCLE_sat_bot_server: Received message: Heartbeat
2025-08-01T09:39:36.843127Z DEBUG CiRCLE_sat_bot_server: Received message: Heartbeat
2025-08-01T09:39:41.841840Z DEBUG CiRCLE_sat_bot_server: Received message: Heartbeat
2025-08-01T09:39:46.851196Z DEBUG CiRCLE_sat_bot_server: Received message: Heartbeat
2025-08-01T09:39:51.845026Z DEBUG CiRCLE_sat_bot_server: Received message: Heartbeat
2025-08-01T09:39:56.852565Z DEBUG CiRCLE_sat_bot_server: Received message: Heartbeat
2025-08-01T09:40:01.845164Z DEBUG CiRCLE_sat_bot_server: Received message: Heartbeat
2025-08-01T09:40:06.841583Z DEBUG CiRCLE_sat_bot_server: Received message: Heartbeat
2025-08-01T09:40:11.843561Z DEBUG CiRCLE_sat_bot_server: Received message: Heartbeat
2025-08-01T09:40:16.853857Z DEBUG CiRCLE_sat_bot_server: Received message: Heartbeat
2025-08-01T09:40:21.840384Z DEBUG CiRCLE_sat_bot_server: Received message: Heartbeat
2025-08-01T09:40:26.845265Z DEBUG CiRCLE_sat_bot_server: Received message: Heartbeat
2025-08-01T09:40:31.846737Z DEBUG CiRCLE_sat_bot_server: Received message: Heartbeat
2025-08-01T09:40:36.853337Z DEBUG CiRCLE_sat_bot_server: Received message: Heartbeat
2025-08-01T09:40:41.840884Z DEBUG CiRCLE_sat_bot_server: Received message: Heartbeat
2025-08-01T09:40:46.844556Z DEBUG CiRCLE_sat_bot_server: Received message: Heartbeat
2025-08-01T09:40:51.854678Z DEBUG CiRCLE_sat_bot_server: Received message: Heartbeat
2025-08-01T09:40:56.853502Z DEBUG CiRCLE_sat_bot_server: Received message: Heartbeat
2025-08-01T09:41:01.847960Z DEBUG CiRCLE_sat_bot_server: Received message: Heartbeat
2025-08-01T09:41:06.848562Z DEBUG CiRCLE_sat_bot_server: Received message: Heartbeat
2025-08-01T09:41:11.855992Z DEBUG CiRCLE_sat_bot_server: Received message: Heartbeat
2025-08-01T09:41:16.845525Z DEBUG CiRCLE_sat_bot_server: Received message: Heartbeat
2025-08-01T09:41:21.848793Z DEBUG CiRCLE_sat_bot_server: Received message: Heartbeat
2025-08-01T09:41:26.842415Z DEBUG CiRCLE_sat_bot_server: Received message: Heartbeat
2025-08-01T09:41:31.851431Z DEBUG CiRCLE_sat_bot_server: Received message: Heartbeat
2025-08-01T09:41:36.854390Z DEBUG CiRCLE_sat_bot_server: Received message: Heartbeat
2025-08-01T09:41:41.854443Z DEBUG CiRCLE_sat_bot_server: Received message: Heartbeat
2025-08-01T09:41:46.840848Z DEBUG CiRCLE_sat_bot_server: Received message: Heartbeat
2025-08-01T09:41:51.851457Z DEBUG CiRCLE_sat_bot_server: Received message: Heartbeat
2025-08-01T09:41:56.853483Z DEBUG CiRCLE_sat_bot_server: Received message: Heartbeat
2025-08-01T09:42:01.844108Z DEBUG CiRCLE_sat_bot_server: Received message: Heartbeat
2025-08-01T09:42:06.850362Z DEBUG CiRCLE_sat_bot_server: Received message: Heartbeat
2025-08-01T09:42:11.841387Z DEBUG CiRCLE_sat_bot_server: Received message: Heartbeat
2025-08-01T09:42:16.854319Z DEBUG CiRCLE_sat_bot_server: Received message: Heartbeat
2025-08-01T09:42:21.851527Z DEBUG CiRCLE_sat_bot_server: Received message: Heartbeat
2025-08-01T09:42:26.842144Z DEBUG CiRCLE_sat_bot_server: Received message: Heartbeat
2025-08-01T09:42:31.853163Z DEBUG CiRCLE_sat_bot_server: Received message: Heartbeat
2025-08-01T09:42:36.853758Z DEBUG CiRCLE_sat_bot_server: Received message: Heartbeat
2025-08-01T09:42:41.854077Z DEBUG CiRCLE_sat_bot_server: Received message: Heartbeat
2025-08-01T09:42:46.844929Z DEBUG CiRCLE_sat_bot_server: Received message: Heartbeat
2025-08-01T09:42:51.844129Z DEBUG CiRCLE_sat_bot_server: Received message: Heartbeat
2025-08-01T09:42:56.841426Z DEBUG CiRCLE_sat_bot_server: Received message: Heartbeat
2025-08-01T09:43:01.847626Z DEBUG CiRCLE_sat_bot_server: Received message: Heartbeat
2025-08-01T09:43:06.849232Z DEBUG CiRCLE_sat_bot_server: Received message: Heartbeat
2025-08-01T09:43:11.854732Z DEBUG CiRCLE_sat_bot_server: Received message: Heartbeat
2025-08-01T09:43:16.849750Z DEBUG CiRCLE_sat_bot_server: Received message: Heartbeat
2025-08-01T09:43:21.840652Z DEBUG CiRCLE_sat_bot_server: Received message: Heartbeat
2025-08-01T09:43:26.850756Z DEBUG CiRCLE_sat_bot_server: Received message: Heartbeat
2025-08-01T09:43:31.853046Z DEBUG CiRCLE_sat_bot_server: Received message: Heartbeat
2025-08-01T09:43:36.855220Z DEBUG CiRCLE_sat_bot_server: Received message: Heartbeat
2025-08-01T09:43:41.851621Z DEBUG CiRCLE_sat_bot_server: Received message: Heartbeat
2025-08-01T09:43:46.851468Z DEBUG CiRCLE_sat_bot_server: Received message: Heartbeat
2025-08-01T09:43:51.847919Z DEBUG CiRCLE_sat_bot_server: Received message: Heartbeat
2025-08-01T09:43:56.843513Z DEBUG CiRCLE_sat_bot_server: Received message: Heartbeat
2025-08-01T09:44:01.852339Z DEBUG CiRCLE_sat_bot_server: Received message: Heartbeat
2025-08-01T09:44:06.846365Z DEBUG CiRCLE_sat_bot_server: Received message: Heartbeat
2025-08-01T09:44:11.848420Z DEBUG CiRCLE_sat_bot_server: Received message: Heartbeat
2025-08-01T09:44:16.846841Z DEBUG CiRCLE_sat_bot_server: Received message: Heartbeat
2025-08-01T09:44:21.854989Z DEBUG CiRCLE_sat_bot_server: Received message: Heartbeat
2025-08-01T09:44:26.842913Z DEBUG CiRCLE_sat_bot_server: Received message: Heartbeat
2025-08-01T09:44:31.841252Z DEBUG CiRCLE_sat_bot_server: Received message: Heartbeat
2025-08-01T09:44:36.851526Z DEBUG CiRCLE_sat_bot_server: Received message: Heartbeat
2025-08-01T09:44:41.855259Z DEBUG CiRCLE_sat_bot_server: Received message: Heartbeat
2025-08-01T09:44:46.842633Z DEBUG CiRCLE_sat_bot_server: Received message: Heartbeat
2025-08-01T09:44:51.843140Z DEBUG CiRCLE_sat_bot_server: Received message: Heartbeat
2025-08-01T09:44:56.840482Z DEBUG CiRCLE_sat_bot_server: Received message: Heartbeat
2025-08-01T09:45:01.844824Z DEBUG CiRCLE_sat_bot_server: Received message: Heartbeat
2025-08-01T09:45:06.848071Z DEBUG CiRCLE_sat_bot_server: Received message: Heartbeat
2025-08-01T09:45:11.853512Z DEBUG CiRCLE_sat_bot_server: Received message: Heartbeat
2025-08-01T09:45:16.854675Z DEBUG CiRCLE_sat_bot_server: Received message: Heartbeat
2025-08-01T09:45:21.845585Z DEBUG CiRCLE_sat_bot_server: Received message: Heartbeat
2025-08-01T09:45:26.846031Z DEBUG CiRCLE_sat_bot_server: Received message: Heartbeat
2025-08-01T09:45:31.845904Z DEBUG CiRCLE_sat_bot_server: Received message: Heartbeat
2025-08-01T09:45:36.851327Z DEBUG CiRCLE_sat_bot_server: Received message: Heartbeat
2025-08-01T09:45:41.850340Z DEBUG CiRCLE_sat_bot_server: Received message: Heartbeat
2025-08-01T09:45:46.849552Z DEBUG CiRCLE_sat_bot_server: Received message: Heartbeat
2025-08-01T09:45:51.855223Z DEBUG CiRCLE_sat_bot_server: Received message: Heartbeat
2025-08-01T09:45:56.844070Z DEBUG CiRCLE_sat_bot_server: Received message: Heartbeat
2025-08-01T09:46:01.848904Z DEBUG CiRCLE_sat_bot_server: Received message: Heartbeat
2025-08-01T09:46:06.855773Z DEBUG CiRCLE_sat_bot_server: Received message: Heartbeat
2025-08-01T09:46:11.854528Z DEBUG CiRCLE_sat_bot_server: Received message: Heartbeat
2025-08-01T09:46:16.848842Z DEBUG CiRCLE_sat_bot_server: Received message: Heartbeat
2025-08-01T09:46:21.841520Z DEBUG CiRCLE_sat_bot_server: Received message: Heartbeat
2025-08-01T09:46:26.843576Z DEBUG CiRCLE_sat_bot_server: Received message: Heartbeat
2025-08-01T09:46:31.851311Z DEBUG CiRCLE_sat_bot_server: Received message: Heartbeat
2025-08-01T09:46:36.847852Z DEBUG CiRCLE_sat_bot_server: Received message: Heartbeat
2025-08-01T09:46:41.850435Z DEBUG CiRCLE_sat_bot_server: Received message: Heartbeat
2025-08-01T09:46:46.854636Z DEBUG CiRCLE_sat_bot_server: Received message: Heartbeat
2025-08-01T09:46:51.851600Z DEBUG CiRCLE_sat_bot_server: Received message: Heartbeat
2025-08-01T09:46:56.849762Z DEBUG CiRCLE_sat_bot_server: Received message: Heartbeat
2025-08-01T09:47:01.843504Z DEBUG CiRCLE_sat_bot_server: Received message: Heartbeat
2025-08-01T09:47:06.854111Z DEBUG CiRCLE_sat_bot_server: Received message: Heartbeat
2025-08-01T09:47:11.854904Z DEBUG CiRCLE_sat_bot_server: Received message: Heartbeat
2025-08-01T09:47:16.848705Z DEBUG CiRCLE_sat_bot_server: Received message: Heartbeat
2025-08-01T09:47:21.850589Z DEBUG CiRCLE_sat_bot_server: Received message: Heartbeat
2025-08-01T09:47:26.850468Z DEBUG CiRCLE_sat_bot_server: Received message: Heartbeat
2025-08-01T09:47:31.853547Z DEBUG CiRCLE_sat_bot_server: Received message: Heartbeat
2025-08-01T09:47:36.842707Z DEBUG CiRCLE_sat_bot_server: Received message: Heartbeat
2025-08-01T09:47:41.852835Z DEBUG CiRCLE_sat_bot_server: Received message: Heartbeat
2025-08-01T09:47:46.853242Z DEBUG CiRCLE_sat_bot_server: Received message: Heartbeat
2025-08-01T09:47:51.842193Z DEBUG CiRCLE_sat_bot_server: Received message: Heartbeat
2025-08-01T09:47:56.842374Z DEBUG CiRCLE_sat_bot_server: Received message: Heartbeat
2025-08-01T09:48:01.847412Z DEBUG CiRCLE_sat_bot_server: Received message: Heartbeat
2025-08-01T09:48:06.852484Z DEBUG CiRCLE_sat_bot_server: Received message: Heartbeat
2025-08-01T09:48:11.850535Z DEBUG CiRCLE_sat_bot_server: Received message: Heartbeat
2025-08-01T09:48:16.848784Z DEBUG CiRCLE_sat_bot_server: Received message: Heartbeat
2025-08-01T09:48:21.840390Z DEBUG CiRCLE_sat_bot_server: Received message: Heartbeat
2025-08-01T09:48:26.846710Z DEBUG CiRCLE_sat_bot_server: Received message: Heartbeat
2025-08-01T09:48:31.849461Z DEBUG CiRCLE_sat_bot_server: Received message: Heartbeat
2025-08-01T09:48:36.845889Z DEBUG CiRCLE_sat_bot_server: Received message: Heartbeat
2025-08-01T09:48:41.840323Z DEBUG CiRCLE_sat_bot_server: Received message: Heartbeat
2025-08-01T09:48:46.844600Z DEBUG CiRCLE_sat_bot_server: Received message: Heartbeat
2025-08-01T09:48:51.853725Z DEBUG CiRCLE_sat_bot_server: Received message: Heartbeat
2025-08-01T09:48:56.853261Z DEBUG CiRCLE_sat_bot_server: Received message: Heartbeat
2025-08-01T09:49:01.849003Z DEBUG CiRCLE_sat_bot_server: Received message: Heartbeat
2025-08-01T09:49:06.845767Z DEBUG CiRCLE_sat_bot_server: Received message: Heartbeat
2025-08-01T09:49:11.848199Z DEBUG CiRCLE_sat_bot_server: Received message: Heartbeat
2025-08-01T09:49:16.849447Z DEBUG CiRCLE_sat_bot_server: Received message: Heartbeat
2025-08-01T09:49:21.847155Z DEBUG CiRCLE_sat_bot_server: Received message: Heartbeat
2025-08-01T09:49:26.842191Z DEBUG CiRCLE_sat_bot_server: Received message: Heartbeat
2025-08-01T09:49:31.851448Z DEBUG CiRCLE_sat_bot_server: Received message: Heartbeat
2025-08-01T09:49:36.844283Z DEBUG CiRCLE_sat_bot_server: Received message: Heartbeat
2025-08-01T09:49:41.854140Z DEBUG CiRCLE_sat_bot_server: Received message: Heartbeat
2025-08-01T09:49:46.852949Z DEBUG CiRCLE_sat_bot_server: Received message: Heartbeat
2025-08-01T09:49:51.854577Z DEBUG CiRCLE_sat_bot_server: Received message: Heartbeat
2025-08-01T09:49:56.853812Z DEBUG CiRCLE_sat_bot_server: Received message: Heartbeat
2025-08-01T09:50:01.848570Z DEBUG CiRCLE_sat_bot_server: Received message: Heartbeat
2025-08-01T09:50:06.848755Z DEBUG CiRCLE_sat_bot_server: Received message: Heartbeat
2025-08-01T09:50:11.848580Z DEBUG CiRCLE_sat_bot_server: Received message: Heartbeat
2025-08-01T09:50:16.841380Z DEBUG CiRCLE_sat_bot_server: Received message: Heartbeat
2025-08-01T09:50:21.856176Z DEBUG CiRCLE_sat_bot_server: Received message: Heartbeat
2025-08-01T09:50:26.840864Z DEBUG CiRCLE_sat_bot_server: Received message: Heartbeat
2025-08-01T09:50:31.845382Z DEBUG CiRCLE_sat_bot_server: Received message: Heartbeat
2025-08-01T09:50:36.852897Z DEBUG CiRCLE_sat_bot_server: Received message: Heartbeat
2025-08-01T09:50:41.851613Z DEBUG CiRCLE_sat_bot_server: Received message: Heartbeat
2025-08-01T09:50:42.949473Z ERROR CiRCLE_sat_bot_server: Error receiving message from stream: 远程主机强迫关闭了一个现有的连接。 (os error 10054)
