2025-06-17T18:12:56.054524Z  INFO CiRCLE_sat_bot: Logging system initialized
2025-06-17T18:12:57.383713Z  INFO CiRCLE_sat_bot::sat_status::amsat_parser: Satellite status saved to amsat_status.json
2025-06-17T18:12:57.383755Z  INFO CiRCLE_sat_bot::sat_status::amsat_parser: HTML content saved to amsat_status.html
2025-06-17T18:12:57.383896Z  INFO CiRCLE_sat_bot::task_manager::query_handler: Query handler started
2025-06-17T18:12:57.388601Z  INFO CiRCLE_sat_bot::task_manager::query_handler: Received query response for 'ao123'
2025-06-17T18:57:19.951763Z  INFO CiRCLE_sat_bot: Logging system initialized
2025-06-17T18:57:21.242770Z  INFO CiRCLE_sat_bot::sat_status::amsat_parser: Satellite status saved to amsat_status.json
2025-06-17T18:57:21.242805Z  INFO CiRCLE_sat_bot::sat_status::amsat_parser: HTML content saved to amsat_status.html
2025-06-17T19:00:09.455458Z  INFO CiRCLE_sat_bot: Logging system initialized
2025-06-17T19:00:11.998594Z  INFO CiRCLE_sat_bot::sat_status::amsat_parser: Satellite status saved to amsat_status.json
2025-06-17T19:00:11.998636Z  INFO CiRCLE_sat_bot::sat_status::amsat_parser: HTML content saved to amsat_status.html
2025-06-17T19:00:11.998780Z  INFO CiRCLE_sat_bot::task_manager::query_handler: Query handler started
2025-06-17T19:00:23.517076Z  INFO CiRCLE_sat_bot::task_manager::query_handler: Received query response for 'asrtu'
2025-06-17T19:00:23.517178Z  INFO CiRCLE_sat_bot: Query for 'asrtu' completed in 14.518958ms
2025-06-17T19:00:35.459860Z  INFO CiRCLE_sat_bot::task_manager::query_handler: Received query response for 'hadesr'
2025-06-17T19:00:35.459969Z  INFO CiRCLE_sat_bot: Query for 'hadesr' completed in 14.8785ms
2025-06-17T19:00:39.421411Z  INFO CiRCLE_sat_bot::task_manager::query_handler: Received query response for 'icm'
2025-06-17T19:00:39.421564Z  INFO CiRCLE_sat_bot: Query for 'icm' completed in 14.474875ms
2025-06-17T19:00:45.917849Z  INFO CiRCLE_sat_bot::task_manager::query_handler: Received query response for 'iss'
2025-06-17T19:00:45.917933Z  INFO CiRCLE_sat_bot: Query for 'iss' completed in 14.900542ms
2025-06-17T19:10:17.510955Z  INFO CiRCLE_sat_bot: Exiting console listener
